<?xml version="1.0" encoding="UTF-8"?>
<testsuite xmlns:xsi="http://www.w3.org/2001/XMLSchema-instance" xsi:noNamespaceSchemaLocation="https://maven.apache.org/surefire/maven-failsafe-plugin/xsd/failsafe-test-report.xsd" name="Book Flights on Ryanair.com" time="61.801" tests="1" errors="1" skipped="0" failures="0">
  <properties>
[...]
</properties>
  <testcase name="EMPTY_NAME" classname="Book Flights on Ryanair.com" time="61.801">
    <error message="element click intercepted: Element &lt;button _ngcontent-ryanair-seats-c98=&quot;&quot; id=&quot;seat-09D&quot; class=&quot;ng-star-inserted seatmap__seat seatmap__seat--selected&quot;&gt;...&lt;/button&gt; is not clickable at point (748, 20). Other element would receive the click: &lt;div _ngcontent-ryanair-seats-c34=&quot;&quot; class=&quot;header__center&quot;&gt;&lt;/div&gt;&#10;  (Session info: chrome=91.0.4472.77)&#10;Build info: version: &apos;3.141.59&apos;, revision: &apos;e82be7d358&apos;, time: &apos;2018-11-14T08:17:03&apos;&#10;System info: host: &apos;DESKTOP-FS5PVBN&apos;, ip: &apos;10.211.55.4&apos;, os.name: &apos;Windows 10&apos;, os.arch: &apos;amd64&apos;, os.version: &apos;10.0&apos;, java.version: &apos;1.8.0_291&apos;&#10;Driver info: org.openqa.selenium.chrome.ChromeDriver&#10;Capabilities {acceptInsecureCerts: false, browserName: chrome, browserVersion: 91.0.4472.77, chrome: {chromedriverVersion: 90.0.4430.24 (4c6d850f087da..., userDataDir: C:\Users\ANDRES~1\AppData\L...}, goog:chromeOptions: {debuggerAddress: localhost:60590}, javascriptEnabled: true, networkConnectionEnabled: false, pageLoadStrategy: normal, platform: WINDOWS, platformName: WINDOWS, proxy: Proxy(), setWindowRect: true, strictFileInteractability: false, timeouts: {implicit: 0, pageLoad: 300000, script: 30000}, unhandledPromptBehavior: dismiss and notify, webauthn:extension:largeBlob: true, webauthn:virtualAuthenticators: true}&#10;Session ID: d49fc589a7c1c049cb95a6759aeef5a2" type="org.openqa.selenium.ElementClickInterceptedException"><![CDATA[org.openqa.selenium.ElementClickInterceptedException: 
element click intercepted: Element <button _ngcontent-ryanair-seats-c98="" id="seat-09D" class="ng-star-inserted seatmap__seat seatmap__seat--selected">...</button> is not clickable at point (748, 20). Other element would receive the click: <div _ngcontent-ryanair-seats-c34="" class="header__center"></div>
  (Session info: chrome=91.0.4472.77)
Build info: version: '3.141.59', revision: 'e82be7d358', time: '2018-11-14T08:17:03'
System info: host: 'DESKTOP-FS5PVBN', ip: '10.211.55.4', os.name: 'Windows 10', os.arch: 'amd64', os.version: '10.0', java.version: '1.8.0_291'
Driver info: org.openqa.selenium.chrome.ChromeDriver
Capabilities {acceptInsecureCerts: false, browserName: chrome, browserVersion: 91.0.4472.77, chrome: {chromedriverVersion: 90.0.4430.24 (4c6d850f087da..., userDataDir: C:\Users\ANDRES~1\AppData\L...}, goog:chromeOptions: {debuggerAddress: localhost:60590}, javascriptEnabled: true, networkConnectionEnabled: false, pageLoadStrategy: normal, platform: WINDOWS, platformName: WINDOWS, proxy: Proxy(), setWindowRect: true, strictFileInteractability: false, timeouts: {implicit: 0, pageLoad: 300000, script: 30000}, unhandledPromptBehavior: dismiss and notify, webauthn:extension:largeBlob: true, webauthn:virtualAuthenticators: true}
Session ID: d49fc589a7c1c049cb95a6759aeef5a2
]]></error>
    <system-out><![CDATA[22:14:37.075 [main] DEBUG n.t.c.u.PropertiesFileLocalPreferences - LOADING LOCAL PROPERTIES FROM C:\Users\AndresMauricioEscoba\Desktop\JavaProjects\BringRyanair\serenity.properties 
22:14:37.153 [main] DEBUG n.t.c.u.PropertiesFileLocalPreferences - LOADING LOCAL PROPERTIES FROM C:\Users\AndresMauricioEscoba\Desktop\JavaProjects\BringRyanair\serenity.properties 
22:14:37.153 [main] DEBUG n.t.c.u.PropertiesFileLocalPreferences - LOADING LOCAL PROPERTIES FROM C:\Users\AndresMauricioEscoba\Desktop\JavaProjects\BringRyanair\serenity.properties 
22:14:37.170 [main] DEBUG n.t.c.u.PropertiesFileLocalPreferences - webdriver.driver=chrome
22:14:37.170 [main] DEBUG n.t.c.u.PropertiesFileLocalPreferences - webdriver.chrome.driver=C://chromedriver.exe
22:14:37.170 [main] DEBUG n.t.c.u.PropertiesFileLocalPreferences - feature.file.encoding=UTF-8
22:14:37.170 [main] DEBUG n.t.c.u.PropertiesFileLocalPreferences - serenity.report.encoding=UTF-8
22:14:37.170 [main] DEBUG n.t.c.u.PropertiesFileLocalPreferences - serenity.dry.run=false
22:14:37.170 [main] DEBUG n.t.c.u.PropertiesFileLocalPreferences - chrome.switches=--start-maximized
22:14:37.170 [main] DEBUG n.t.c.u.PropertiesFileLocalPreferences - serenity.verbose.steps=FALSE
22:14:37.170 [main] DEBUG n.t.c.u.PropertiesFileLocalPreferences - serenity.compress.filenames=false
22:14:37.170 [main] DEBUG n.t.c.u.PropertiesFileLocalPreferences - serenity.console.colors=true
22:14:37.170 [main] DEBUG n.t.c.u.PropertiesFileLocalPreferences - serenity.project.name=Automation Project - Bring - Book Flights
22:14:37.170 [main] DEBUG n.t.c.u.PropertiesFileLocalPreferences - webdriver.timeouts.implicitlywait=10000
22:14:37.170 [main] DEBUG n.t.c.u.PropertiesFileLocalPreferences - serenity.take.screenshots=AFTER_EACH_STEP
22:14:37.325 [pool-1-thread-1] DEBUG n.t.c.u.PropertiesFileLocalPreferences - LOADING LOCAL PROPERTIES FROM C:\Users\AndresMauricioEscoba\Desktop\JavaProjects\BringRyanair\serenity.properties 
22:14:37.341 [pool-1-thread-1] DEBUG n.t.c.u.PropertiesFileLocalPreferences - LOADING LOCAL PROPERTIES FROM C:\Users\AndresMauricioEscoba\Desktop\JavaProjects\BringRyanair\serenity.properties 
22:14:37.341 [pool-1-thread-1] DEBUG n.t.c.u.PropertiesFileLocalPreferences - LOADING LOCAL PROPERTIES FROM C:\Users\AndresMauricioEscoba\Desktop\JavaProjects\BringRyanair\serenity.properties 
22:14:37.341 [pool-1-thread-1] DEBUG n.t.c.u.PropertiesFileLocalPreferences - webdriver.driver=chrome
22:14:37.341 [pool-1-thread-1] DEBUG n.t.c.u.PropertiesFileLocalPreferences - webdriver.chrome.driver=C://chromedriver.exe
22:14:37.341 [pool-1-thread-1] DEBUG n.t.c.u.PropertiesFileLocalPreferences - feature.file.encoding=UTF-8
22:14:37.341 [pool-1-thread-1] DEBUG n.t.c.u.PropertiesFileLocalPreferences - serenity.report.encoding=UTF-8
22:14:37.341 [pool-1-thread-1] DEBUG n.t.c.u.PropertiesFileLocalPreferences - serenity.dry.run=false
22:14:37.341 [pool-1-thread-1] DEBUG n.t.c.u.PropertiesFileLocalPreferences - chrome.switches=--start-maximized
22:14:37.341 [pool-1-thread-1] DEBUG n.t.c.u.PropertiesFileLocalPreferences - serenity.verbose.steps=FALSE
22:14:37.341 [pool-1-thread-1] DEBUG n.t.c.u.PropertiesFileLocalPreferences - serenity.compress.filenames=false
22:14:37.341 [pool-1-thread-1] DEBUG n.t.c.u.PropertiesFileLocalPreferences - serenity.console.colors=true
22:14:37.341 [pool-1-thread-1] DEBUG n.t.c.u.PropertiesFileLocalPreferences - serenity.project.name=Automation Project - Bring - Book Flights
22:14:37.341 [pool-1-thread-1] DEBUG n.t.c.u.PropertiesFileLocalPreferences - webdriver.timeouts.implicitlywait=10000
22:14:37.341 [pool-1-thread-1] DEBUG n.t.c.u.PropertiesFileLocalPreferences - serenity.take.screenshots=AFTER_EACH_STEP
22:14:37.341 [pool-1-thread-1] INFO  n.t.c.steps.ConsoleLoggingListener - &amp#27;[96m

-------------------------------------------------------------------------------------
     _______. _______ .______       _______ .__   __.  __  .___________.____    ____ 
    /       ||   ____||   _  \     |   ____||  \ |  | |  | |           |\   \  /   / 
   |   (----`|  |__   |  |_)  |    |  |__   |   \|  | |  | `---|  |----` \   \/   /  
    \   \    |   __|  |      /     |   __|  |  . `  | |  |     |  |       \_    _/   
.----)   |   |  |____ |  |\  \----.|  |____ |  |\   | |  |     |  |         |  |     
|_______/    |_______|| _| `._____||_______||__| \__| |__|     |__|         |__|    
                                                                                     
 News and tutorials at http://www.serenity-bdd.info                                  
 Documentation at https://wakaleo.gitbooks.io/the-serenity-book/content/             
 Join the Serenity Community on Rocket Chat at https://serenity-bdd.rocket.chat      
 Serenity BDD Support and Training at http://serenity-bdd.info/#/trainingandsupport  
 Learn Serenity BDD online at http://serenity-dojo.com                               
-------------------------------------------------------------------------------------
&amp#27;[0m
22:14:37.356 [pool-1-thread-1] DEBUG n.thucydides.core.steps.StepEventBus - Test suite started for story net.thucydides.core.model.Story@3a35f52e
22:14:37.356 [pool-1-thread-1] INFO  n.t.c.steps.ConsoleLoggingListener - Test Suite Started: Book Flights on Ryanair.com
jun 05, 2021 10:14:37 PM cucumber.runtime.java.ObjectFactoryLoader loadSingleObjectFactory
ADVERTENCIA: Loading deprecated ObjectFactory from runtime via reflection: cucumber.runtime.SerenityObjectFactory
22:15:40.085 [pool-1-thread-1] ERROR n.t.c.steps.ConsoleLoggingListener - &amp#27;[91m
           __  _____ _____ ____ _____   _____ _    ___ _     _____ ____  
  _       / / |_   _| ____/ ___|_   _| |  ___/ \  |_ _| |   | ____|  _ \ 
 (_)_____| |    | | |  _| \___ \ | |   | |_ / _ \  | || |   |  _| | | | |
  _|_____| |    | | | |___ ___) || |   |  _/ ___ \ | || |___| |___| |_| |
 (_)     | |    |_| |_____|____/ |_|   |_|/_/   \_\___|_____|_____|____/ 
          \_\                                                            

TEST FAILED WITH ERROR: 
---------------------------------------------------------------------&amp#27;[0m
22:15:40.085 [pool-1-thread-1] DEBUG n.t.c.steps.ConsoleLoggingListener - RELATED ISSUES: 
22:15:40.148 [pool-1-thread-1] ERROR n.t.c.steps.ConsoleLoggingListener - &amp#27;[91mTEST FAILED AT STEP Selection desired seats: [[Seats], [09D], [09E], [09F]]&amp#27;[0m
22:15:40.148 [pool-1-thread-1] ERROR n.t.c.steps.ConsoleLoggingListener - element click intercepted: Element <button _ngcontent-ryanair-seats-c98="" id="seat-09D" class="ng-star-inserted seatmap__seat seatmap__seat--selected">...</button> is not clickable at point (748, 20). Other element would receive the click: <div _ngcontent-ryanair-seats-c34="" class="header__center"></div>
@BookFlights
Feature: Book Flights on Ryanair.com

  @BookFlights
  Scenario:                                                           &amp#27;[90m# src/test/resources/features/Flights.feature:4&amp#27;[0m
    &amp#27;[32mGiven &amp#27;[0m&amp#27;[32mEnter the information to find the desired travel&amp#27;[0m            &amp#27;[90m# FlightsDefinitions.EnterTheInformationToFindTheDesiredTravel(DataTable)&amp#27;[0m
    &amp#27;[32mAnd &amp#27;[0m&amp#27;[32mChange the departure date and return date from lateral scroll&amp#27;[0m &amp#27;[90m# FlightsDefinitions.ChangeTheDepartureDateAndReturnDateFromLateralScrol(DataTable)&amp#27;[0m
    &amp#27;[32mWhen &amp#27;[0m&amp#27;[32mI click on Value Fare&amp#27;[0m                                        &amp#27;[90m# FlightsDefinitions.IClickOnValueFare()&amp#27;[0m
    &amp#27;[32mAnd &amp#27;[0m&amp#27;[32mI fill the passengers info out&amp#27;[0m                                &amp#27;[90m# FlightsDefinitions.IFillThePassengersInfoOut(DataTable)&amp#27;[0m
    &amp#27;[31mThen &amp#27;[0m&amp#27;[31mI confirm the desired Seats&amp#27;[0m                                  &amp#27;[90m# FlightsDefinitions.IConfirmTheDesiredSeats(DataTable)&amp#27;[0m
      &amp#27;[31morg.openqa.selenium.ElementClickInterceptedException: element click intercepted: Element <button _ngcontent-ryanair-seats-c98="" id="seat-09D" class="ng-star-inserted seatmap__seat seatmap__seat--selected">...</button> is not clickable at point (748, 20). Other element would receive the click: <div _ngcontent-ryanair-seats-c34="" class="header__center"></div>
  (Session info: chrome=91.0.4472.77)
Build info: version: '3.141.59', revision: 'e82be7d358', time: '2018-11-14T08:17:03'
System info: host: 'DESKTOP-FS5PVBN', ip: '10.211.55.4', os.name: 'Windows 10', os.arch: 'amd64', os.version: '10.0', java.version: '1.8.0_291'
Driver info: org.openqa.selenium.chrome.ChromeDriver
Capabilities {acceptInsecureCerts: false, browserName: chrome, browserVersion: 91.0.4472.77, chrome: {chromedriverVersion: 90.0.4430.24 (4c6d850f087da..., userDataDir: C:\Users\ANDRES~1\AppData\L...}, goog:chromeOptions: {debuggerAddress: localhost:60590}, javascriptEnabled: true, networkConnectionEnabled: false, pageLoadStrategy: normal, platform: WINDOWS, platformName: WINDOWS, proxy: Proxy(), setWindowRect: true, strictFileInteractability: false, timeouts: {implicit: 0, pageLoad: 300000, script: 30000}, unhandledPromptBehavior: dismiss and notify, webauthn:extension:largeBlob: true, webauthn:virtualAuthenticators: true}
Session ID: d49fc589a7c1c049cb95a6759aeef5a2
	at sun.reflect.NativeConstructorAccessorImpl.newInstance0(Native Method)
	at sun.reflect.NativeConstructorAccessorImpl.newInstance(NativeConstructorAccessorImpl.java:62)
	at sun.reflect.DelegatingConstructorAccessorImpl.newInstance(DelegatingConstructorAccessorImpl.java:45)
	at java.lang.reflect.Constructor.newInstance(Constructor.java:423)
	at org.openqa.selenium.remote.http.W3CHttpResponseCodec.createException(W3CHttpResponseCodec.java:187)
	at org.openqa.selenium.remote.http.W3CHttpResponseCodec.decode(W3CHttpResponseCodec.java:122)
	at org.openqa.selenium.remote.http.W3CHttpResponseCodec.decode(W3CHttpResponseCodec.java:49)
	at org.openqa.selenium.remote.HttpCommandExecutor.execute(HttpCommandExecutor.java:158)
	at org.openqa.selenium.remote.service.DriverCommandExecutor.execute(DriverCommandExecutor.java:83)
	at org.openqa.selenium.remote.RemoteWebDriver.execute(RemoteWebDriver.java:552)
	at org.openqa.selenium.remote.RemoteWebElement.execute(RemoteWebElement.java:285)
	at org.openqa.selenium.remote.RemoteWebElement.click(RemoteWebElement.java:84)
	at com.bring.flights.page_object.SelectionPlaneSeats.SelectDesiredSeat(SelectionPlaneSeats.java:50)
	at com.bring.flights.steps.ReserveTrip.SelectionDesiredSeats(ReserveTrip.java:64)
	at com.bring.flights.steps.ReserveTrip$ByteBuddy$gYeqLfol.SelectionDesiredSeats$accessor$bdInxnK7(Unknown Source)
	at sun.reflect.NativeMethodAccessorImpl.invoke0(Native Method)
	at sun.reflect.NativeMethodAccessorImpl.invoke(NativeMethodAccessorImpl.java:62)
	at sun.reflect.DelegatingMethodAccessorImpl.invoke(DelegatingMethodAccessorImpl.java:43)
	at java.lang.reflect.Method.invoke(Method.java:498)
	at net.thucydides.core.steps.BaseMethodRunner.invokeMethod(BaseMethodRunner.java:18)
	at net.thucydides.core.steps.NormalMethodRunner.invokeMethodAndNotifyFailures(NormalMethodRunner.java:18)
	at net.thucydides.core.steps.StepInterceptor.runNormalMethod(StepInterceptor.java:377)
	at net.thucydides.core.steps.StepInterceptor.testStepResult(StepInterceptor.java:162)
	at net.thucydides.core.steps.StepInterceptor.intercept(StepInterceptor.java:75)
	at com.bring.flights.steps.ReserveTrip$ByteBuddy$gYeqLfol.SelectionDesiredSeats(Unknown Source)
	at com.bring.flights.definitions.FlightsDefinitions.IConfirmTheDesiredSeats(FlightsDefinitions.java:56)
	at ?.I confirm the desired Seats(file:src/test/resources/features/Flights.feature:17)
&amp#27;[0m
    &amp#27;[36mAnd &amp#27;[0m&amp#27;[36mThe user is taken the to the confirmation flights page&amp#27;[0m        &amp#27;[90m# FlightsDefinitions.TheUserIsTakenTheToTheConfirmationFlightsPage()&amp#27;[0m
22:15:40.164 [pool-1-thread-1] DEBUG n.t.core.reports.ReportService - Reporting formats: [JSON, HTML]
22:15:40.210 [pool-1-thread-1] DEBUG n.t.core.reports.ReportService - Reporting formats: [JSON, HTML]
22:15:40.226 [pool-1-thread-1] DEBUG n.t.core.reports.ReportService - Generating reports for 1 test outcomes using: net.thucydides.core.reports.json.JSONTestOutcomeReporter@5d3bf25c
22:15:40.226 [pool-1-thread-1] DEBUG n.t.core.reports.ReportService - Processing test outcome Book Flights on Ryanair.com:
22:15:40.226 [pool-1-thread-1] DEBUG n.t.core.reports.ReportService - net.thucydides.core.reports.json.JSONTestOutcomeReporter@5d3bf25c: Generating report for test outcome: Book Flights on Ryanair.com:
22:15:40.226 [pool-1-thread-1] DEBUG n.t.c.r.json.JSONTestOutcomeReporter - Generating JSON report for  to file C:\Users\AndresMauricioEscoba\Desktop\JavaProjects\BringRyanair\target\site\serenity\book_flights_on_ryanair.com_.json (using temp file C:\Users\AndresMauricioEscoba\Desktop\JavaProjects\BringRyanair\target\site\serenity\book_flights_on_ryanair.com_.jsonbd9e417f-bd6f-44c1-942b-91fc682758c3)
22:15:40.257 [pool-1-thread-1] DEBUG n.t.core.reports.ReportService - Processing test outcome Book Flights on Ryanair.com: done
22:15:40.257 [pool-1-thread-1] DEBUG n.t.core.reports.ReportService - Shutting down executor service
22:15:40.257 [pool-1-thread-1] DEBUG n.t.core.reports.ReportService - Reports generated in: 31 ms
22:15:40.257 [pool-1-thread-1] DEBUG n.t.core.reports.ReportService - Generating reports for 1 test outcomes using: net.thucydides.core.reports.html.HtmlAcceptanceTestReporter@7eba5050
22:15:40.257 [pool-2-thread-1] DEBUG n.t.core.reports.ReportService - Processing test outcome Book Flights on Ryanair.com:
22:15:40.257 [pool-2-thread-1] DEBUG n.t.core.reports.ReportService - net.thucydides.core.reports.html.HtmlAcceptanceTestReporter@7eba5050: Generating report for test outcome: Book Flights on Ryanair.com:
22:15:40.257 [pool-2-thread-1] DEBUG n.t.c.r.h.HtmlAcceptanceTestReporter - GENERATE TEST OUTCOME REPORT FOR  in book_flights_on_ryanair.com_
22:15:40.273 [pool-2-thread-1] DEBUG n.t.c.r.RequirementsTagProvider -  found:[Requirement{name='Book Flights on Ryanair.com', type='feature' parent = 'null', cardNumber='null'}]
22:15:40.273 [pool-2-thread-1] DEBUG n.t.c.r.BaseRequirementsService - Requirement found for test outcome -[]: Optional[Requirement{name='Book Flights on Ryanair.com', type='feature' parent = 'null', cardNumber='null'}]
22:15:40.273 [pool-2-thread-1] DEBUG n.t.c.r.BaseRequirementsService - Requirement found for test outcome -[]: Optional[Requirement{name='Book Flights on Ryanair.com', type='feature' parent = 'null', cardNumber='null'}]
22:15:40.305 [pool-2-thread-1] DEBUG n.t.c.r.BaseRequirementsService - Requirement found for test outcome -[]: Optional[Requirement{name='Book Flights on Ryanair.com', type='feature' parent = 'null', cardNumber='null'}]
22:15:40.305 [pool-2-thread-1] DEBUG n.t.c.r.BaseRequirementsService - Requirement found for test outcome -[]: Optional[Requirement{name='Book Flights on Ryanair.com', type='feature' parent = 'null', cardNumber='null'}]
22:15:40.382 [pool-2-thread-1] DEBUG n.t.c.r.h.HtmlAcceptanceTestReporter - Generating report in book_flights_on_ryanair.com__screenshots.html
22:15:40.711 [pool-2-thread-1] DEBUG n.t.c.r.h.HtmlAcceptanceTestReporter - Generated report book_flights_on_ryanair.com__screenshots.html in 329 ms
22:15:40.711 [pool-2-thread-1] DEBUG n.t.c.r.h.HtmlAcceptanceTestReporter - GENERATING HTML REPORT FOR Book Flights on Ryanair.com: in book_flights_on_ryanair.com_.html in directory target\site\serenity  
22:15:40.991 [pool-2-thread-1] DEBUG n.t.c.r.h.HtmlAcceptanceTestReporter - Generating report in book_flights_on_ryanair.com_.html
22:15:41.101 [pool-2-thread-1] DEBUG n.t.c.r.h.HtmlAcceptanceTestReporter - Generated report book_flights_on_ryanair.com_.html in 110 ms
22:15:41.101 [pool-2-thread-1] DEBUG n.t.core.reports.ReportService - Processing test outcome Book Flights on Ryanair.com: done
22:15:41.101 [pool-1-thread-1] DEBUG n.t.core.reports.ReportService - Shutting down executor service
22:15:41.101 [pool-1-thread-1] DEBUG n.t.core.reports.ReportService - Reports generated in: 844 ms
22:15:41.241 [pool-1-thread-1] DEBUG n.s.core.photography.Darkroom - Closing darkroom
22:14:37.482 [pool-1-thread-1] INFO  n.t.c.steps.ConsoleLoggingListener - 
 _____ _____ ____ _____   ____ _____  _    ____ _____ _____ ____  
|_   _| ____/ ___|_   _| / ___|_   _|/ \  |  _ \_   _| ____|  _ \ 
  | | |  _| \___ \ | |   \___ \ | | / _ \ | |_) || | |  _| | | | |
  | | | |___ ___) || |    ___) || |/ ___ \|  _ < | | | |___| |_| |
  |_| |_____|____/ |_|   |____/ |_/_/   \_\_| \_\|_| |_____|____/ 
                                                                  

TEST STARTED: 
-------------------------------------------------------------------(book-flights-on-ryanair.com;)
22:14:38.403 [pool-1-thread-1] INFO  n.s.c.w.d.ProvideNewDriver - Instantiating driver
22:14:38.403 [pool-1-thread-1] INFO  n.s.c.w.d.ProvideNewDriver - Driver capabilities: Capabilities {acceptInsecureCerts: false, browserName: chrome, chrome.switches: --start-maximized, goog:chromeOptions: {args: [--start-maximized], extensions: []}, loggingPrefs: org.openqa.selenium.logging..., platform: ANY, version: }
22:15:09.568 [pool-1-thread-1] DEBUG n.s.core.photography.Darkroom - Opening darkroom
22:15:09.568 [Darkroom Processing Line] DEBUG n.s.c.p.DarkroomProcessingLine - Darkroom processing line starting up
22:15:10.162 [pool-1-thread-1] DEBUG n.s.core.photography.Darkroom - Send negative for processing for target\site\serenity\a73bec6fbbe5d96b6f564db805e66969ec61456351aea789764b5e9e875fc4d5.png
22:15:10.162 [Darkroom Processing Line] DEBUG n.s.c.p.DarkroomProcessingLine - Processing screenshot image in /var/screenshots/screenshot-2793567262212938271
22:15:10.162 [Darkroom Processing Line] DEBUG n.s.c.p.DarkroomProcessingLine - Saving screenshot to target\site\serenity\a73bec6fbbe5d96b6f564db805e66969ec61456351aea789764b5e9e875fc4d5.png
22:15:27.411 [pool-1-thread-1] DEBUG n.s.core.photography.Darkroom - Send negative for processing for target\site\serenity\fabf6e88db235cc8ef59da067c9a29627be76b176ff8af6da49218857c3ac836.png
22:15:27.411 [Darkroom Processing Line] DEBUG n.s.c.p.DarkroomProcessingLine - Processing screenshot image in /var/screenshots/screenshot-613434542785414976
22:15:27.411 [Darkroom Processing Line] DEBUG n.s.c.p.DarkroomProcessingLine - Saving screenshot to target\site\serenity\fabf6e88db235cc8ef59da067c9a29627be76b176ff8af6da49218857c3ac836.png
22:15:29.203 [pool-1-thread-1] DEBUG n.s.core.photography.Darkroom - Send negative for processing for target\site\serenity\dc5f31b276ae48918515f95a3c1d59ce042920f0d25140ad7425189aefab5511.png
22:15:29.203 [Darkroom Processing Line] DEBUG n.s.c.p.DarkroomProcessingLine - Processing screenshot image in /var/screenshots/screenshot-720541901916771896
22:15:29.203 [Darkroom Processing Line] DEBUG n.s.c.p.DarkroomProcessingLine - Saving screenshot to target\site\serenity\dc5f31b276ae48918515f95a3c1d59ce042920f0d25140ad7425189aefab5511.png
22:15:30.923 [pool-1-thread-1] DEBUG n.s.core.photography.Darkroom - Send negative for processing for target\site\serenity\98e0f3f92855769d007275241c098b841fe135feab6cd347a9d955413d96796b.png
22:15:30.923 [Darkroom Processing Line] DEBUG n.s.c.p.DarkroomProcessingLine - Processing screenshot image in /var/screenshots/screenshot-6604078191213840041
22:15:30.923 [Darkroom Processing Line] DEBUG n.s.c.p.DarkroomProcessingLine - Saving screenshot to target\site\serenity\98e0f3f92855769d007275241c098b841fe135feab6cd347a9d955413d96796b.png
[[Seats], [09D], [09E], [09F]]
09D
09E
09F
[[Seats], [09D], [09E], [09F]]
09D
22:15:39.187 [pool-1-thread-1] DEBUG n.s.core.photography.Darkroom - Send negative for processing for target\site\serenity\03dc377631505c445b7ab6b3b13708cbddac88801e27dd29bb44d3e89f2eba16.png
22:15:39.187 [Darkroom Processing Line] DEBUG n.s.c.p.DarkroomProcessingLine - Processing screenshot image in /var/screenshots/screenshot-134147752164477659
22:15:39.187 [Darkroom Processing Line] DEBUG n.s.c.p.DarkroomProcessingLine - Saving screenshot to target\site\serenity\03dc377631505c445b7ab6b3b13708cbddac88801e27dd29bb44d3e89f2eba16.png
22:15:41.241 [Darkroom Processing Line] DEBUG n.s.c.p.DarkroomProcessingLine - Darkroom processing line shutting down
]]></system-out>
    <system-err><![CDATA[jun 05, 2021 10:14:37 PM org.openqa.selenium.remote.DesiredCapabilities chrome
INFORMACIÓN: Using `new ChromeOptions()` is preferred to `DesiredCapabilities.chrome()`
Starting ChromeDriver 90.0.4430.24 (4c6d850f087da467d926e8eddb76550aed655991-refs/branch-heads/4430@{#429}) on port 21231
Only local connections are allowed.
Please see https://chromedriver.chromium.org/security-considerations for suggestions on keeping ChromeDriver safe.
ChromeDriver was started successfully.
[1622949279.957][WARNING]: This version of ChromeDriver has not been tested with Chrome version 91.
jun 05, 2021 10:14:39 PM org.openqa.selenium.remote.ProtocolHandshake createSession
INFORMACIÓN: Detected dialect: W3C
]]></system-err>
  </testcase>
</testsuite>