<?xml version="1.0" encoding="UTF-8"?><testsuite errors="1" failures="0" name="Book Flights on Ryanair.com" skipped="0" tests="1" time="61.79" timestamp="2021-06-05 10:14:37"><testcase name=""><error message="element click intercepted: Element &lt;button _ngcontent-ryanair-seats-c98=&quot;&quot; id=&quot;seat-09D&quot; class=&quot;ng-star-inserted seatmap__seat seatmap__seat--selected&quot;&gt;...&lt;/button&gt; is not clickable at point (748, 20). Other element would receive the click: &lt;div _ngcontent-ryanair-seats-c34=&quot;&quot; class=&quot;header__center&quot;&gt;&lt;/div&gt;&#10;  (Session info: chrome=91.0.4472.77)&#10;Build info: version: '3.141.59', revision: 'e82be7d358', time: '2018-11-14T08:17:03'&#10;System info: host: 'DESKTOP-FS5PVBN', ip: '10.211.55.4', os.name: 'Windows 10', os.arch: 'amd64', os.version: '10.0', java.version: '1.8.0_291'&#10;Driver info: org.openqa.selenium.chrome.ChromeDriver&#10;Capabilities {acceptInsecureCerts: false, browserName: chrome, browserVersion: 91.0.4472.77, chrome: {chromedriverVersion: 90.0.4430.24 (4c6d850f087da..., userDataDir: C:\Users\ANDRES~1\AppData\L...}, goog:chromeOptions: {debuggerAddress: localhost:60590}, javascriptEnabled: true, networkConnectionEnabled: false, pageLoadStrategy: normal, platform: WINDOWS, platformName: WINDOWS, proxy: Proxy(), setWindowRect: true, strictFileInteractability: false, timeouts: {implicit: 0, pageLoad: 300000, script: 30000}, unhandledPromptBehavior: dismiss and notify, webauthn:extension:largeBlob: true, webauthn:virtualAuthenticators: true}&#10;Session ID: d49fc589a7c1c049cb95a6759aeef5a2&#10;Build info: version: '3.141.59', revision: 'e82be7d358', time: '2018-11-14T08:17:03'&#10;System info: host: 'DESKTOP-FS5PVBN', ip: '10.211.55.4', os.name: 'Windows 10', os.arch: 'amd64', os.version: '10.0', java.version: '1.8.0_291'&#10;Driver info: driver.version: unknown" type="org.openqa.selenium.ElementClickInterceptedException">element click intercepted: Element &lt;button _ngcontent-ryanair-seats-c98="" id="seat-09D" class="ng-star-inserted seatmap__seat seatmap__seat--selected"&gt;...&lt;/button&gt; is not clickable at point (748, 20). Other element would receive the click: &lt;div _ngcontent-ryanair-seats-c34="" class="header__center"&gt;&lt;/div&gt;
  (Session info: chrome=91.0.4472.77)
Build info: version: '3.141.59', revision: 'e82be7d358', time: '2018-11-14T08:17:03'
System info: host: 'DESKTOP-FS5PVBN', ip: '10.211.55.4', os.name: 'Windows 10', os.arch: 'amd64', os.version: '10.0', java.version: '1.8.0_291'
Driver info: org.openqa.selenium.chrome.ChromeDriver
Capabilities {acceptInsecureCerts: false, browserName: chrome, browserVersion: 91.0.4472.77, chrome: {chromedriverVersion: 90.0.4430.24 (4c6d850f087da..., userDataDir: C:\Users\ANDRES~1\AppData\L...}, goog:chromeOptions: {debuggerAddress: localhost:60590}, javascriptEnabled: true, networkConnectionEnabled: false, pageLoadStrategy: normal, platform: WINDOWS, platformName: WINDOWS, proxy: Proxy(), setWindowRect: true, strictFileInteractability: false, timeouts: {implicit: 0, pageLoad: 300000, script: 30000}, unhandledPromptBehavior: dismiss and notify, webauthn:extension:largeBlob: true, webauthn:virtualAuthenticators: true}
Session ID: d49fc589a7c1c049cb95a6759aeef5a2
Build info: version: '3.141.59', revision: 'e82be7d358', time: '2018-11-14T08:17:03'
System info: host: 'DESKTOP-FS5PVBN', ip: '10.211.55.4', os.name: 'Windows 10', os.arch: 'amd64', os.version: '10.0', java.version: '1.8.0_291'
Driver info: driver.version: unknown</error><system-err>element click intercepted: Element &lt;button _ngcontent-ryanair-seats-c98="" id="seat-09D" class="ng-star-inserted seatmap__seat seatmap__seat--selected"&gt;...&lt;/button&gt; is not clickable at point (748, 20). Other element would receive the click: &lt;div _ngcontent-ryanair-seats-c34="" class="header__center"&gt;&lt;/div&gt;
  (Session info: chrome=91.0.4472.77)
Build info: version: '3.141.59', revision: 'e82be7d358', time: '2018-11-14T08:17:03'
System info: host: 'DESKTOP-FS5PVBN', ip: '10.211.55.4', os.name: 'Windows 10', os.arch: 'amd64', os.version: '10.0', java.version: '1.8.0_291'
Driver info: org.openqa.selenium.chrome.ChromeDriver
Capabilities {acceptInsecureCerts: false, browserName: chrome, browserVersion: 91.0.4472.77, chrome: {chromedriverVersion: 90.0.4430.24 (4c6d850f087da..., userDataDir: C:\Users\ANDRES~1\AppData\L...}, goog:chromeOptions: {debuggerAddress: localhost:60590}, javascriptEnabled: true, networkConnectionEnabled: false, pageLoadStrategy: normal, platform: WINDOWS, platformName: WINDOWS, proxy: Proxy(), setWindowRect: true, strictFileInteractability: false, timeouts: {implicit: 0, pageLoad: 300000, script: 30000}, unhandledPromptBehavior: dismiss and notify, webauthn:extension:largeBlob: true, webauthn:virtualAuthenticators: true}
Session ID: d49fc589a7c1c049cb95a6759aeef5a2
Build info: version: '3.141.59', revision: 'e82be7d358', time: '2018-11-14T08:17:03'
System info: host: 'DESKTOP-FS5PVBN', ip: '10.211.55.4', os.name: 'Windows 10', os.arch: 'amd64', os.version: '10.0', java.version: '1.8.0_291'
Driver info: driver.version: unknown&#13;
com.bring.flights.page_object.SelectionPlaneSeats.SelectDesiredSeat(SelectionPlaneSeats.java:50)&#13;
com.bring.flights.steps.ReserveTrip.SelectionDesiredSeats(ReserveTrip.java:64)&#13;
com.bring.flights.definitions.FlightsDefinitions.IConfirmTheDesiredSeats(FlightsDefinitions.java:56)&#13;
✽.I confirm the desired Seats(file:src/test/resources/features/Flights.feature:17)&#13;
</system-err></testcase></testsuite>